<?xml version="1.0" encoding="UTF-8"?>
<testsuite xmlns:xsi="http://www.w3.org/2001/XMLSchema-instance" xsi:noNamespaceSchemaLocation="https://maven.apache.org/surefire/maven-surefire-plugin/xsd/surefire-test-report.xsd" version="3.0.2" name="com.minh.shopee.ShopeeApplicationTests" time="19.278" tests="1" errors="0" skipped="0" failures="0">
  <properties>
[...]
</properties>
  <testcase name="contextLoads" classname="com.minh.shopee.ShopeeApplicationTests" time="0.763">
    <system-out><![CDATA[17:56:09.479 [main] INFO org.springframework.test.context.support.AnnotationConfigContextLoaderUtils -- Could not detect default configuration classes for test class [com.minh.shopee.ShopeeApplicationTests]: ShopeeApplicationTests does not declare any static, non-private, non-final, nested classes annotated with @Configuration.
17:56:09.682 [main] INFO org.springframework.boot.test.context.SpringBootTestContextBootstrapper -- Found @SpringBootConfiguration com.minh.shopee.ShopeeApplication for test class com.minh.shopee.ShopeeApplicationTests
17:56:09.964 [main] INFO org.springframework.boot.devtools.restart.RestartApplicationListener -- Restart disabled due to context in which it is running

  .   ____          _            __ _ _
 /\\ / ___'_ __ _ _(_)_ __  __ _ \ \ \ \
( ( )\___ | '_ | '_| | '_ \/ _` | \ \ \ \
 \\/  ___)| |_)| | | | | || (_| |  ) ) ) )
  '  |____| .__|_| |_|_| |_\__, | / / / /
 =========|_|==============|___/=/_/_/_/

 :: Spring Boot ::                (v3.4.5)

17:56:10.699 INFO  [background-preinit] o.h.validator.internal.util.Version - HV000001: Hibernate Validator 8.0.2.Final
17:56:10.768 INFO  [main] c.minh.shopee.ShopeeApplicationTests - Starting ShopeeApplicationTests using Java 17.0.12 with PID 18512 (started by abcxy in C:\Users\abcxy\OneDrive\Desktop\workspace\projects\shopee_clone\backend-clone-shopee)
17:56:10.770 DEBUG [main] c.minh.shopee.ShopeeApplicationTests - Running with Spring Boot v3.4.5, Spring v6.2.6
17:56:10.770 INFO  [main] c.minh.shopee.ShopeeApplicationTests - The following 1 profile is active: "dev"
17:56:13.717 INFO  [main] o.s.d.r.c.RepositoryConfigurationDelegate - Multiple Spring Data modules found, entering strict repository configuration mode
17:56:13.723 INFO  [main] o.s.d.r.c.RepositoryConfigurationDelegate - Bootstrapping Spring Data JDBC repositories in DEFAULT mode.
17:56:13.910 INFO  [main] o.s.d.r.c.RepositoryConfigurationExtensionSupport - Spring Data JDBC - Could not safely identify store assignment for repository candidate interface com.minh.shopee.repository.AddressRepository; If you want this repository to be a JDBC repository, consider annotating your entities with one of these annotations: org.springframework.data.relational.core.mapping.Table.
17:56:13.929 INFO  [main] o.s.d.r.c.RepositoryConfigurationExtensionSupport - Spring Data JDBC - Could not safely identify store assignment for repository candidate interface com.minh.shopee.repository.CartDetailRepository; If you want this repository to be a JDBC repository, consider annotating your entities with one of these annotations: org.springframework.data.relational.core.mapping.Table.
17:56:13.949 INFO  [main] o.s.d.r.c.RepositoryConfigurationExtensionSupport - Spring Data JDBC - Could not safely identify store assignment for repository candidate interface com.minh.shopee.repository.CartRepository; If you want this repository to be a JDBC repository, consider annotating your entities with one of these annotations: org.springframework.data.relational.core.mapping.Table.
17:56:13.960 INFO  [main] o.s.d.r.c.RepositoryConfigurationExtensionSupport - Spring Data JDBC - Could not safely identify store assignment for repository candidate interface com.minh.shopee.repository.CategoryRepository; If you want this repository to be a JDBC repository, consider annotating your entities with one of these annotations: org.springframework.data.relational.core.mapping.Table.
17:56:13.968 INFO  [main] o.s.d.r.c.RepositoryConfigurationExtensionSupport - Spring Data JDBC - Could not safely identify store assignment for repository candidate interface com.minh.shopee.repository.OrderDetailRepository; If you want this repository to be a JDBC repository, consider annotating your entities with one of these annotations: org.springframework.data.relational.core.mapping.Table.
17:56:13.975 INFO  [main] o.s.d.r.c.RepositoryConfigurationExtensionSupport - Spring Data JDBC - Could not safely identify store assignment for repository candidate interface com.minh.shopee.repository.OrderRepository; If you want this repository to be a JDBC repository, consider annotating your entities with one of these annotations: org.springframework.data.relational.core.mapping.Table.
17:56:14.019 INFO  [main] o.s.d.r.c.RepositoryConfigurationExtensionSupport - Spring Data JDBC - Could not safely identify store assignment for repository candidate interface com.minh.shopee.repository.PermissionRepository; If you want this repository to be a JDBC repository, consider annotating your entities with one of these annotations: org.springframework.data.relational.core.mapping.Table.
17:56:14.037 INFO  [main] o.s.d.r.c.RepositoryConfigurationExtensionSupport - Spring Data JDBC - Could not safely identify store assignment for repository candidate interface com.minh.shopee.repository.ProductImageRepository; If you want this repository to be a JDBC repository, consider annotating your entities with one of these annotations: org.springframework.data.relational.core.mapping.Table.
17:56:14.043 INFO  [main] o.s.d.r.c.RepositoryConfigurationExtensionSupport - Spring Data JDBC - Could not safely identify store assignment for repository candidate interface com.minh.shopee.repository.ProductRepository; If you want this repository to be a JDBC repository, consider annotating your entities with one of these annotations: org.springframework.data.relational.core.mapping.Table.
17:56:14.052 INFO  [main] o.s.d.r.c.RepositoryConfigurationExtensionSupport - Spring Data JDBC - Could not safely identify store assignment for repository candidate interface com.minh.shopee.repository.RoleRepository; If you want this repository to be a JDBC repository, consider annotating your entities with one of these annotations: org.springframework.data.relational.core.mapping.Table.
17:56:14.059 INFO  [main] o.s.d.r.c.RepositoryConfigurationExtensionSupport - Spring Data JDBC - Could not safely identify store assignment for repository candidate interface com.minh.shopee.repository.ShopRepository; If you want this repository to be a JDBC repository, consider annotating your entities with one of these annotations: org.springframework.data.relational.core.mapping.Table.
17:56:14.064 INFO  [main] o.s.d.r.c.RepositoryConfigurationExtensionSupport - Spring Data JDBC - Could not safely identify store assignment for repository candidate interface com.minh.shopee.repository.UserRepository; If you want this repository to be a JDBC repository, consider annotating your entities with one of these annotations: org.springframework.data.relational.core.mapping.Table.
17:56:14.066 INFO  [main] o.s.d.r.c.RepositoryConfigurationDelegate - Finished Spring Data repository scanning in 319 ms. Found 0 JDBC repository interfaces.
17:56:14.113 INFO  [main] o.s.d.r.c.RepositoryConfigurationDelegate - Multiple Spring Data modules found, entering strict repository configuration mode
17:56:14.116 INFO  [main] o.s.d.r.c.RepositoryConfigurationDelegate - Bootstrapping Spring Data JPA repositories in DEFAULT mode.
17:56:14.420 INFO  [main] o.s.d.r.c.RepositoryConfigurationDelegate - Finished Spring Data repository scanning in 285 ms. Found 12 JPA repository interfaces.
17:56:15.985 INFO  [main] o.h.jpa.internal.util.LogHelper - HHH000204: Processing PersistenceUnitInfo [name: default]
17:56:16.134 INFO  [main] org.hibernate.Version - HHH000412: Hibernate ORM core version 6.6.13.Final
17:56:16.207 INFO  [main] o.h.c.i.RegionFactoryInitiator - HHH000026: Second-level cache disabled
17:56:16.776 INFO  [main] o.s.o.j.p.SpringPersistenceUnitInfo - No LoadTimeWeaver setup: ignoring JPA class transformer
17:56:16.833 INFO  [main] com.zaxxer.hikari.HikariDataSource - HikariPool-1 - Starting...
17:56:17.242 INFO  [main] com.zaxxer.hikari.pool.HikariPool - HikariPool-1 - Added connection com.mysql.cj.jdbc.ConnectionImpl@2c6a6ce3
17:56:17.248 INFO  [main] com.zaxxer.hikari.HikariDataSource - HikariPool-1 - Start completed.
17:56:17.415 INFO  [main] o.hibernate.orm.connections.pooling - HHH10001005: Database info:
	Database JDBC URL [Connecting through datasource 'HikariDataSource (HikariPool-1)']
	Database driver: undefined/unknown
	Database version: 9.2
	Autocommit mode: undefined/unknown
	Isolation level: undefined/unknown
	Minimum pool size: undefined/unknown
	Maximum pool size: undefined/unknown
17:56:19.426 INFO  [main] o.h.e.t.j.p.i.JtaPlatformInitiator - HHH000489: No JTA platform available (set 'hibernate.transaction.jta.platform' to enable JTA platform integration)
17:56:19.621 INFO  [main] o.s.o.j.LocalContainerEntityManagerFactoryBean - Initialized JPA EntityManagerFactory for persistence unit 'default'
17:56:20.561 INFO  [main] o.s.d.j.r.query.QueryEnhancerFactory - Hibernate is in classpath; If applicable, HQL parser will be used.
17:56:21.655 WARN  [main] o.s.b.a.o.j.JpaBaseConfiguration$JpaWebConfiguration - spring.jpa.open-in-view is enabled by default. Therefore, database queries may be performed during view rendering. Explicitly configure spring.jpa.open-in-view to disable this warning
17:56:22.061 INFO  [main] c.m.s.c.CustomAuthenticationEntryPoint - ? Cached API routes: [/api/v1/admin/categories, /api/v1/admin/orders/overview, /api/v1/admin/analytics/weekly-data, /api/v1/products/search, /api/v1/vnpay/pay, /api/v1/admin/analytics/product-overview, /api/v1/profile/change-password, /api/v1/products/get-cart, /api/v1/shops, /api/v1/auth/refresh, /api/v1/admin/shops/update, /api/v1/admin/roles/{id}, /api/v1/admin/orders/statuses, /api/v1/products/search_hints, /api/v1/products/restore-cart, /api/v1/admin/orders, /api/v1/admin/shops/orders, /api/v1/orders/{id}, /api/v1/addresses, /api/v1/admin/analytics/common-analytics, /api/v1/orders/checkout, /api/v1/admin/roles, /api/v1/admin/users/search, /api/v1/auth/logout, /api/v1/auth/register, /api/v1/admin/users, /api/v1/admin/products/import, /error, /api/v1/auth/login, /api/v1/products/add-to-cart, /swagger-ui.html, /v3/api-docs/swagger-config, /v3/api-docs, /api/v1/profile, /api/v1/orders/cancel, /api/v1/orders, /api/v1/vnpay/return, /api/v1/admin/products/images/{id}, /api/v1/admin/products, /api/v1/products/remove-from-cart, /api/v1/products/remove-list-from-cart, /api/v1/products/{id:[0-9]+}, /api/v1/admin/permissions/{id}, /api/v1/admin/shops/update-status, /api/v1/addresses/{id}, /v3/api-docs.yaml, /api/v1/products, /api/v1/admin/permissions, /api/v1/categories]
17:56:22.685 INFO  [main] CorsConfiguration - Opening CORS for http://localhost:5173
17:56:22.775 INFO  [main] o.s.s.c.a.a.c.InitializeUserDetailsBeanManagerConfigurer$InitializeUserDetailsManagerConfigurer - Global AuthenticationManager configured with UserDetailsService bean with name userDetailsService
17:56:23.849 WARN  [main] o.s.w.s.r.ResourceHandlerUtils - Appended trailing slash to static resource location: file:file:///C:/Users/abcxy/OneDrive/Desktop/workspace/projects/shopee_clone/backend-clone-shopee/uploads/
17:56:24.399 INFO  [main] o.s.b.a.e.web.EndpointLinksResolver - Exposing 1 endpoint beneath base path '/actuator'
17:56:25.874 WARN  [main] o.s.b.a.t.ThymeleafAutoConfiguration$DefaultTemplateResolverConfiguration - Cannot find template location: classpath:/templates/ (please add some templates, check your Thymeleaf configuration, or set spring.thymeleaf.check-template-location=false)
17:56:27.240 INFO  [main] o.s.m.s.b.SimpleBrokerMessageHandler - Starting...
17:56:27.242 INFO  [main] o.s.m.s.b.SimpleBrokerMessageHandler - BrokerAvailabilityEvent[available=true, SimpleBrokerMessageHandler [org.springframework.messaging.simp.broker.DefaultSubscriptionRegistry@5d2d4939]]
17:56:27.243 INFO  [main] o.s.m.s.b.SimpleBrokerMessageHandler - Started.
17:56:27.272 INFO  [main] c.minh.shopee.ShopeeApplicationTests - Started ShopeeApplicationTests in 17.325 seconds (process running for 19.158)
17:56:27.344 INFO  [main] DataBaseInitializer - ? Starting database initialization...
17:56:27.345 INFO  [main] DataBaseInitializer - ? Syncing permissions with existing API endpoints...
Hibernate: select p1_0.id,p1_0.descrition,p1_0.method,p1_0.path from permissions p1_0
17:56:27.603 INFO  [main] DataBaseInitializer - ? Permissions are already up to date.
Hibernate: select count(*) from roles r1_0
Hibernate: select count(*) from users u1_0
17:56:27.700 INFO  [main] DataBaseInitializer - ? Database initialization completed.
]]></system-out>
  </testcase>
</testsuite>